Using pre-set license
Built from '2020.3/release' branch; Version is '2020.3.2f1 (8fd9074bf66c) revision 9427207'; Using compiler version '192528614'; Build Type 'Release'
OS: 'Windows 10 Pro; OS build 19042.985; Version 2009; 64bit' Language: 'en' Physical Memory: 12270 MB
BatchMode: 1, IsHumanControllingUs: 0, StartBugReporterOnCrash: 0, Is64bit: 1, IsPro: 0

 COMMAND LINE ARGUMENTS:
E:\UnityProjects\2020.3.2f1\Editor\Unity.exe
-adb2
-batchMode
-noUpm
-name
AssetImportWorker0
-projectPath
C:/Users/mario/Desktop/2dshooter/MT_Project_2dSpaceShooter
-logFile
Logs/AssetImportWorker0.log
-srvPort
63830
Successfully changed project path to: C:/Users/mario/Desktop/2dshooter/MT_Project_2dSpaceShooter
C:/Users/mario/Desktop/2dshooter/MT_Project_2dSpaceShooter
Using Asset Import Pipeline V2.
Refreshing native plugins compatible for Editor in 86.78 ms, found 1 plugins.
Preloading 0 native plugins for Editor in 0.00 ms.
Initialize engine version: 2020.3.2f1 (8fd9074bf66c)
[Subsystems] Discovering subsystems at path E:/UnityProjects/2020.3.2f1/Editor/Data/Resources/UnitySubsystems
[Subsystems] Discovering subsystems at path C:/Users/mario/Desktop/2dshooter/MT_Project_2dSpaceShooter/Assets
GfxDevice: creating device client; threaded=0
Direct3D:
    Version:  Direct3D 11.0 [level 11.1]
    Renderer: NVIDIA GeForce GTX 1050 Ti (ID=0x1c82)
    Vendor:   
    VRAM:     4018 MB
    Driver:   27.21.14.6647
Initialize mono
Mono path[0] = 'E:/UnityProjects/2020.3.2f1/Editor/Data/Managed'
Mono path[1] = 'E:/UnityProjects/2020.3.2f1/Editor/Data/MonoBleedingEdge/lib/mono/unityjit'
Mono config path = 'E:/UnityProjects/2020.3.2f1/Editor/Data/MonoBleedingEdge/etc'
Using monoOptions --debugger-agent=transport=dt_socket,embedding=1,server=y,suspend=n,address=127.0.0.1:56008
Begin MonoManager ReloadAssembly
Registering precompiled unity dll's ...
Register platform support module: E:/UnityProjects/2020.3.2f1/Editor/Data/PlaybackEngines/WindowsStandaloneSupport/UnityEditor.WindowsStandalone.Extensions.dll
Registered in 0.002083 seconds.
Native extension for WindowsStandalone target not found
Refreshing native plugins compatible for Editor in 95.42 ms, found 1 plugins.
Preloading 0 native plugins for Editor in 0.00 ms.
Invoked RoslynAnalysisRunner static constructor.
RoslynAnalysisRunner will not be running.
RoslynAnalysisRunner has terminated.
Mono: successfully reloaded assembly
- Completed reload, in  3.253 seconds
Platform modules already initialized, skipping
Registering precompiled user dll's ...
Registered in 0.002299 seconds.
Begin MonoManager ReloadAssembly
Native extension for WindowsStandalone target not found
Refreshing native plugins compatible for Editor in 93.78 ms, found 1 plugins.
Preloading 0 native plugins for Editor in 0.00 ms.
Invoked RoslynAnalysisRunner static constructor.
RoslynAnalysisRunner will not be running.
RoslynAnalysisRunner has terminated.
Mono: successfully reloaded assembly
- Completed reload, in  2.474 seconds
Platform modules already initialized, skipping
========================================================================
Worker process is ready to serve import requests
Launched and connected shader compiler UnityShaderCompiler.exe after 0.10 seconds
Refreshing native plugins compatible for Editor in 1.11 ms, found 1 plugins.
Preloading 0 native plugins for Editor in 0.00 ms.
Unloading 1925 Unused Serialized files (Serialized files now loaded: 0)
System memory in use before: 88.3 MB.
System memory in use after: 88.4 MB.

Unloading 32 unused Assets to reduce memory usage. Loaded Objects now: 2364.
Total: 5.772500 ms (FindLiveObjects: 2.186600 ms CreateObjectMapping: 0.173300 ms MarkObjects: 3.288400 ms  DeleteObjects: 0.122400 ms)

========================================================================
Received Import Request.
  path: Assets/Scripts/PlayerShooting.cs
  artifactKey: Guid(f36bb360669b0a545b93ce92d3d0abe9) Importer(815301076,1909f56bfc062723c751e8b465ee728b)
Start importing Assets/Scripts/PlayerShooting.cs using Guid(f36bb360669b0a545b93ce92d3d0abe9) Importer(815301076,1909f56bfc062723c751e8b465ee728b)  -> (artifact id: '334f354eb2284b488db7e3477c54cd4f') in 0.178361 seconds
  Import took 0.184503 seconds .

========================================================================
Received Import Request.
  Time since last request: 364.063828 seconds.
  path: Assets/Scripts/RepeatingBackground.cs
  artifactKey: Guid(202502903953b7d4d84a14f3916a17e4) Importer(815301076,1909f56bfc062723c751e8b465ee728b)
Start importing Assets/Scripts/RepeatingBackground.cs using Guid(202502903953b7d4d84a14f3916a17e4) Importer(815301076,1909f56bfc062723c751e8b465ee728b)  -> (artifact id: 'ca056eb5e7e028a62945a869d99d8d21') in 0.030785 seconds
  Import took 0.038438 seconds .

========================================================================
Received Import Request.
  Time since last request: 1182.949964 seconds.
  path: Assets/Scripts/WaveSpawner.cs
  artifactKey: Guid(2c77704804fcfda419a1fc999979e5b7) Importer(815301076,1909f56bfc062723c751e8b465ee728b)
Start importing Assets/Scripts/WaveSpawner.cs using Guid(2c77704804fcfda419a1fc999979e5b7) Importer(815301076,1909f56bfc062723c751e8b465ee728b)  -> (artifact id: '6b431747e692067081e465b8a9ed217c') in 0.019668 seconds
  Import took 0.031302 seconds .

========================================================================
Received Import Request.
  Time since last request: 0.214131 seconds.
  path: Assets/Scripts/WaveSpawner.cs
  artifactKey: Guid(2c77704804fcfda419a1fc999979e5b7) Importer(815301076,1909f56bfc062723c751e8b465ee728b)
Start importing Assets/Scripts/WaveSpawner.cs using Guid(2c77704804fcfda419a1fc999979e5b7) Importer(815301076,1909f56bfc062723c751e8b465ee728b)  -> (artifact id: '6b431747e692067081e465b8a9ed217c') in 0.012555 seconds
  Import took 0.037806 seconds .

========================================================================
Received Prepare
Registering precompiled user dll's ...
Registered in 0.002670 seconds.
Begin MonoManager ReloadAssembly
Native extension for WindowsStandalone target not found
Refreshing native plugins compatible for Editor in 0.88 ms, found 1 plugins.
Preloading 0 native plugins for Editor in 0.00 ms.
Invoked RoslynAnalysisRunner static constructor.
RoslynAnalysisRunner will not be running.
RoslynAnalysisRunner has terminated.
Mono: successfully reloaded assembly
- Completed reload, in  1.633 seconds
Platform modules already initialized, skipping
Switching build target platform(5) subTarget(0) extendedPlatform(0) -> platform(13) subTarget(589824) extendedPlatform(0)
Refreshing native plugins compatible for Editor in 1.06 ms, found 1 plugins.
Preloading 0 native plugins for Editor in 0.00 ms.
Unloading 1918 Unused Serialized files (Serialized files now loaded: 0)
System memory in use before: 87.7 MB.
System memory in use after: 87.8 MB.

Unloading 20 unused Assets to reduce memory usage. Loaded Objects now: 2368.
Total: 3.216600 ms (FindLiveObjects: 0.410200 ms CreateObjectMapping: 0.127100 ms MarkObjects: 2.652200 ms  DeleteObjects: 0.025400 ms)

AssetImportParameters requested are different than current active one (requested -> active):
  custom:graphics/normal-map-encoding: 01000000000000000000000000000000 -> 02000000000000000000000000000000
========================================================================
Received Prepare
Registering precompiled user dll's ...
Registered in 0.002735 seconds.
Begin MonoManager ReloadAssembly
Native extension for WindowsStandalone target not found
Refreshing native plugins compatible for Editor in 0.93 ms, found 1 plugins.
Preloading 0 native plugins for Editor in 0.00 ms.
Invoked RoslynAnalysisRunner static constructor.
RoslynAnalysisRunner will not be running.
RoslynAnalysisRunner has terminated.
Mono: successfully reloaded assembly
- Completed reload, in  1.772 seconds
Platform modules already initialized, skipping
Switching build target platform(5) subTarget(0) extendedPlatform(0) -> platform(13) subTarget(589824) extendedPlatform(0)
Refreshing native plugins compatible for Editor in 1.01 ms, found 1 plugins.
Preloading 0 native plugins for Editor in 0.00 ms.
Unloading 1918 Unused Serialized files (Serialized files now loaded: 0)
System memory in use before: 87.8 MB.
System memory in use after: 87.9 MB.

Unloading 20 unused Assets to reduce memory usage. Loaded Objects now: 2372.
Total: 3.836300 ms (FindLiveObjects: 0.680500 ms CreateObjectMapping: 0.176800 ms MarkObjects: 2.878600 ms  DeleteObjects: 0.031700 ms)

AssetImportParameters requested are different than current active one (requested -> active):
  custom:graphics/normal-map-encoding: 01000000000000000000000000000000 -> 02000000000000000000000000000000
========================================================================
Received Import Request.
  Time since last request: 738.859743 seconds.
  path: Assets/Scripts/WaveSpawner.cs
  artifactKey: Guid(2c77704804fcfda419a1fc999979e5b7) Importer(815301076,1909f56bfc062723c751e8b465ee728b)
Start importing Assets/Scripts/WaveSpawner.cs using Guid(2c77704804fcfda419a1fc999979e5b7) Importer(815301076,1909f56bfc062723c751e8b465ee728b)  -> (artifact id: '51c351bf92b4265c58cc26e8644900a9') in 0.028708 seconds
  Import took 0.036519 seconds .

========================================================================
Received Import Request.
  Time since last request: 0.075812 seconds.
  path: Assets/Scripts/WaveSpawner.cs
  artifactKey: Guid(2c77704804fcfda419a1fc999979e5b7) Importer(815301076,1909f56bfc062723c751e8b465ee728b)
Start importing Assets/Scripts/WaveSpawner.cs using Guid(2c77704804fcfda419a1fc999979e5b7) Importer(815301076,1909f56bfc062723c751e8b465ee728b)  -> (artifact id: '51c351bf92b4265c58cc26e8644900a9') in 0.006756 seconds
  Import took 0.012885 seconds .

========================================================================
Received Prepare
Registering precompiled user dll's ...
Registered in 0.003495 seconds.
Begin MonoManager ReloadAssembly
Native extension for WindowsStandalone target not found
Refreshing native plugins compatible for Editor in 1.02 ms, found 1 plugins.
Preloading 0 native plugins for Editor in 0.00 ms.
Invoked RoslynAnalysisRunner static constructor.
RoslynAnalysisRunner will not be running.
RoslynAnalysisRunner has terminated.
Mono: successfully reloaded assembly
- Completed reload, in  2.582 seconds
Platform modules already initialized, skipping
Switching build target platform(5) subTarget(0) extendedPlatform(0) -> platform(13) subTarget(589824) extendedPlatform(0)
Refreshing native plugins compatible for Editor in 0.99 ms, found 1 plugins.
Preloading 0 native plugins for Editor in 0.00 ms.
Unloading 1918 Unused Serialized files (Serialized files now loaded: 0)
System memory in use before: 87.8 MB.
System memory in use after: 87.9 MB.

Unloading 20 unused Assets to reduce memory usage. Loaded Objects now: 2376.
Total: 4.609500 ms (FindLiveObjects: 0.758100 ms CreateObjectMapping: 0.373500 ms MarkObjects: 3.431700 ms  DeleteObjects: 0.044300 ms)

AssetImportParameters requested are different than current active one (requested -> active):
  custom:graphics/normal-map-encoding: 01000000000000000000000000000000 -> 02000000000000000000000000000000
========================================================================
Received Prepare
Registering precompiled user dll's ...
Registered in 0.001991 seconds.
Begin MonoManager ReloadAssembly
Native extension for WindowsStandalone target not found
Refreshing native plugins compatible for Editor in 1.04 ms, found 1 plugins.
Preloading 0 native plugins for Editor in 0.00 ms.
Invoked RoslynAnalysisRunner static constructor.
RoslynAnalysisRunner will not be running.
RoslynAnalysisRunner has terminated.
Mono: successfully reloaded assembly
- Completed reload, in  1.765 seconds
Platform modules already initialized, skipping
Switching build target platform(5) subTarget(0) extendedPlatform(0) -> platform(13) subTarget(589824) extendedPlatform(0)
Refreshing native plugins compatible for Editor in 1.32 ms, found 1 plugins.
Preloading 0 native plugins for Editor in 0.00 ms.
Unloading 1918 Unused Serialized files (Serialized files now loaded: 0)
System memory in use before: 87.8 MB.
System memory in use after: 87.9 MB.

Unloading 20 unused Assets to reduce memory usage. Loaded Objects now: 2380.
Total: 3.535500 ms (FindLiveObjects: 0.393200 ms CreateObjectMapping: 0.125000 ms MarkObjects: 2.978200 ms  DeleteObjects: 0.037700 ms)

AssetImportParameters requested are different than current active one (requested -> active):
  custom:graphics/normal-map-encoding: 01000000000000000000000000000000 -> 02000000000000000000000000000000
========================================================================
Received Prepare
Registering precompiled user dll's ...
Registered in 0.002282 seconds.
Begin MonoManager ReloadAssembly
Native extension for WindowsStandalone target not found
Refreshing native plugins compatible for Editor in 0.97 ms, found 1 plugins.
Preloading 0 native plugins for Editor in 0.00 ms.
Invoked RoslynAnalysisRunner static constructor.
RoslynAnalysisRunner will not be running.
RoslynAnalysisRunner has terminated.
Mono: successfully reloaded assembly
- Completed reload, in  2.022 seconds
Platform modules already initialized, skipping
Switching build target platform(5) subTarget(0) extendedPlatform(0) -> platform(13) subTarget(589824) extendedPlatform(0)
Refreshing native plugins compatible for Editor in 0.96 ms, found 1 plugins.
Preloading 0 native plugins for Editor in 0.00 ms.
Unloading 1918 Unused Serialized files (Serialized files now loaded: 0)
System memory in use before: 87.8 MB.
System memory in use after: 87.9 MB.

Unloading 20 unused Assets to reduce memory usage. Loaded Objects now: 2384.
Total: 4.849100 ms (FindLiveObjects: 0.589100 ms CreateObjectMapping: 0.159800 ms MarkObjects: 4.060300 ms  DeleteObjects: 0.037800 ms)

AssetImportParameters requested are different than current active one (requested -> active):
  custom:graphics/normal-map-encoding: 01000000000000000000000000000000 -> 02000000000000000000000000000000
========================================================================
Received Prepare
Registering precompiled user dll's ...
Registered in 0.002531 seconds.
Begin MonoManager ReloadAssembly
Native extension for WindowsStandalone target not found
Refreshing native plugins compatible for Editor in 0.97 ms, found 1 plugins.
Preloading 0 native plugins for Editor in 0.00 ms.
Invoked RoslynAnalysisRunner static constructor.
RoslynAnalysisRunner will not be running.
RoslynAnalysisRunner has terminated.
Mono: successfully reloaded assembly
- Completed reload, in  1.768 seconds
Platform modules already initialized, skipping
Switching build target platform(5) subTarget(0) extendedPlatform(0) -> platform(13) subTarget(589824) extendedPlatform(0)
Refreshing native plugins compatible for Editor in 0.88 ms, found 1 plugins.
Preloading 0 native plugins for Editor in 0.00 ms.
Unloading 1918 Unused Serialized files (Serialized files now loaded: 0)
System memory in use before: 87.8 MB.
System memory in use after: 87.9 MB.

Unloading 20 unused Assets to reduce memory usage. Loaded Objects now: 2388.
Total: 3.139900 ms (FindLiveObjects: 0.418500 ms CreateObjectMapping: 0.116200 ms MarkObjects: 2.569400 ms  DeleteObjects: 0.034400 ms)

AssetImportParameters requested are different than current active one (requested -> active):
  custom:graphics/normal-map-encoding: 01000000000000000000000000000000 -> 02000000000000000000000000000000
========================================================================
Received Import Request.
  Time since last request: 4956.509038 seconds.
  path: Assets/Shapeforms Audio Free Sound Effects
  artifactKey: Guid(faa54959ae647594c9dd035af730233d) Importer(815301076,1909f56bfc062723c751e8b465ee728b)
Start importing Assets/Shapeforms Audio Free Sound Effects using Guid(faa54959ae647594c9dd035af730233d) Importer(815301076,1909f56bfc062723c751e8b465ee728b)  -> (artifact id: 'f3737a81ef08fe3840299170fcf024e8') in 0.023032 seconds
  Import took 0.030824 seconds .

========================================================================
Received Import Request.
  Time since last request: 0.002436 seconds.
  path: Assets/Shapeforms Audio Free Sound Effects
  artifactKey: Guid(faa54959ae647594c9dd035af730233d) Importer(815301076,1909f56bfc062723c751e8b465ee728b)
Start importing Assets/Shapeforms Audio Free Sound Effects using Guid(faa54959ae647594c9dd035af730233d) Importer(815301076,1909f56bfc062723c751e8b465ee728b)  -> (artifact id: 'f3737a81ef08fe3840299170fcf024e8') in 0.006084 seconds
  Import took 0.014205 seconds .

========================================================================
Received Import Request.
  Time since last request: 9.928817 seconds.
  path: Assets/Editor
  artifactKey: Guid(d98ad1674ee8d5040ad22d07feddcab5) Importer(815301076,1909f56bfc062723c751e8b465ee728b)
Start importing Assets/Editor using Guid(d98ad1674ee8d5040ad22d07feddcab5) Importer(815301076,1909f56bfc062723c751e8b465ee728b)  -> (artifact id: '0f1e5ba1e22e5c1abd86f5fc58291137') in 0.018651 seconds
  Import took 0.027850 seconds .

========================================================================
Received Import Request.
  Time since last request: 1.314804 seconds.
  path: Assets/Editor/com.unity.mobile.notifications
  artifactKey: Guid(8d94ea3741ad8d344a76cca0aa62f67e) Importer(815301076,1909f56bfc062723c751e8b465ee728b)
Start importing Assets/Editor/com.unity.mobile.notifications using Guid(8d94ea3741ad8d344a76cca0aa62f67e) Importer(815301076,1909f56bfc062723c751e8b465ee728b)  -> (artifact id: 'f47cf49c17c29d9268444b1e5a5093ef') in 0.021402 seconds
  Import took 0.031342 seconds .

========================================================================
Received Import Request.
  Time since last request: 0.058518 seconds.
  path: Assets/Editor/com.unity.mobile.notifications/NotificationSettings.asset
  artifactKey: Guid(4cee8bca36f2ab74b8feb832747fa6f4) Importer(815301076,1909f56bfc062723c751e8b465ee728b)
Start importing Assets/Editor/com.unity.mobile.notifications/NotificationSettings.asset using Guid(4cee8bca36f2ab74b8feb832747fa6f4) Importer(815301076,1909f56bfc062723c751e8b465ee728b)  -> (artifact id: '65c81628205bba9c89723dd89dd15312') in 0.066582 seconds
  Import took 0.074494 seconds .

========================================================================
Received Import Request.
  Time since last request: 240.198406 seconds.
  path: Assets/Shapeforms Audio Free Sound Effects/Sci Fi Weapons Cyberpunk Arsenal Preview/AUDIO/ANMLBat_Creature Vocalisation_01.wav
  artifactKey: Guid(981194f4f58b449efba499760ec29256) Importer(815301076,1909f56bfc062723c751e8b465ee728b)
Start importing Assets/Shapeforms Audio Free Sound Effects/Sci Fi Weapons Cyberpunk Arsenal Preview/AUDIO/ANMLBat_Creature Vocalisation_01.wav using Guid(981194f4f58b449efba499760ec29256) Importer(815301076,1909f56bfc062723c751e8b465ee728b)  -> (artifact id: '687b04d1f52b10818c2b35ad2677a685') in 0.618115 seconds
  Import took 0.624905 seconds .

========================================================================
Received Import Request.
  Time since last request: 0.000301 seconds.
  path: Assets/Shapeforms Audio Free Sound Effects/Sci Fi Weapons Cyberpunk Arsenal Preview/AUDIO/LASRGun_Plasma Rifle Fire_03.wav
  artifactKey: Guid(df0e60887b63f45c7801a38fccae1f8f) Importer(815301076,1909f56bfc062723c751e8b465ee728b)
Start importing Assets/Shapeforms Audio Free Sound Effects/Sci Fi Weapons Cyberpunk Arsenal Preview/AUDIO/LASRGun_Plasma Rifle Fire_03.wav using Guid(df0e60887b63f45c7801a38fccae1f8f) Importer(815301076,1909f56bfc062723c751e8b465ee728b)  -> (artifact id: '1a413f8b49156822616478da87a0965c') in 0.043330 seconds
  Import took 0.050455 seconds .

========================================================================
Received Import Request.
  Time since last request: 0.000343 seconds.
  path: Assets/Shapeforms Audio Free Sound Effects/Sci Fi Weapons Cyberpunk Arsenal Preview/AUDIO/ANMLBat_Creature Vocalisation_01.wav
  artifactKey: Guid(981194f4f58b449efba499760ec29256) Importer(815301076,1909f56bfc062723c751e8b465ee728b)
Start importing Assets/Shapeforms Audio Free Sound Effects/Sci Fi Weapons Cyberpunk Arsenal Preview/AUDIO/ANMLBat_Creature Vocalisation_01.wav using Guid(981194f4f58b449efba499760ec29256) Importer(815301076,1909f56bfc062723c751e8b465ee728b)  -> (artifact id: '687b04d1f52b10818c2b35ad2677a685') in 0.023493 seconds
  Import took 0.029833 seconds .

========================================================================
Received Import Request.
  Time since last request: 0.000405 seconds.
  path: Assets/Shapeforms Audio Free Sound Effects/Sci Fi Weapons Cyberpunk Arsenal Preview/AUDIO/SCIEnrg_Shield Activate Deactivate_02.wav
  artifactKey: Guid(b3f498961b9bd47e29973abf7e1bce2a) Importer(815301076,1909f56bfc062723c751e8b465ee728b)
Start importing Assets/Shapeforms Audio Free Sound Effects/Sci Fi Weapons Cyberpunk Arsenal Preview/AUDIO/SCIEnrg_Shield Activate Deactivate_02.wav using Guid(b3f498961b9bd47e29973abf7e1bce2a) Importer(815301076,1909f56bfc062723c751e8b465ee728b)  -> (artifact id: '494b69f665bfd82ae578fba8c9fa2521') in 0.042311 seconds
  Import took 0.049284 seconds .

========================================================================
Received Import Request.
  Time since last request: 0.000320 seconds.
  path: Assets/Shapeforms Audio Free Sound Effects/Sci Fi Weapons Cyberpunk Arsenal Preview/AUDIO/LASRGun_Electron Impeller Charged Fire_02.wav
  artifactKey: Guid(46e4002e4b6074361a58bbd232a2cfd5) Importer(815301076,1909f56bfc062723c751e8b465ee728b)
Start importing Assets/Shapeforms Audio Free Sound Effects/Sci Fi Weapons Cyberpunk Arsenal Preview/AUDIO/LASRGun_Electron Impeller Charged Fire_02.wav using Guid(46e4002e4b6074361a58bbd232a2cfd5) Importer(815301076,1909f56bfc062723c751e8b465ee728b)  -> (artifact id: '2c7d8357dd414c5e8f1934479ffb2442') in 0.040027 seconds
  Import took 0.046562 seconds .

========================================================================
Received Import Request.
  Time since last request: 0.000339 seconds.
  path: Assets/Shapeforms Audio Free Sound Effects/Sci Fi Weapons Cyberpunk Arsenal Preview/AUDIO/GUNMech_Insert Clip_04.wav
  artifactKey: Guid(552e1ee9826bb42fe83505a9defb673d) Importer(815301076,1909f56bfc062723c751e8b465ee728b)
Start importing Assets/Shapeforms Audio Free Sound Effects/Sci Fi Weapons Cyberpunk Arsenal Preview/AUDIO/GUNMech_Insert Clip_04.wav using Guid(552e1ee9826bb42fe83505a9defb673d) Importer(815301076,1909f56bfc062723c751e8b465ee728b)  -> (artifact id: '13824f5950d7fd4e92f2221f0a78f715') in 0.040176 seconds
  Import took 0.047143 seconds .

========================================================================
Received Import Request.
  Time since last request: 0.000386 seconds.
  path: Assets/Shapeforms Audio Free Sound Effects/Sci Fi Weapons Cyberpunk Arsenal Preview/AUDIO/GUNMech_Scope Deactivate_11.wav
  artifactKey: Guid(40454dde674144b9e9c69775b6136dc5) Importer(815301076,1909f56bfc062723c751e8b465ee728b)
Start importing Assets/Shapeforms Audio Free Sound Effects/Sci Fi Weapons Cyberpunk Arsenal Preview/AUDIO/GUNMech_Scope Deactivate_11.wav using Guid(40454dde674144b9e9c69775b6136dc5) Importer(815301076,1909f56bfc062723c751e8b465ee728b)  -> (artifact id: '64b26a1e98853ff52b8fb9f1864fa272') in 0.039186 seconds
  Import took 0.045380 seconds .

========================================================================
Received Import Request.
  Time since last request: 0.000280 seconds.
  path: Assets/Shapeforms Audio Free Sound Effects/Sci Fi Weapons Cyberpunk Arsenal Preview/AUDIO/BEEP_Targeting Loop_06.wav
  artifactKey: Guid(b878334bbc55e4e94abc0354bc2f2838) Importer(815301076,1909f56bfc062723c751e8b465ee728b)
Start importing Assets/Shapeforms Audio Free Sound Effects/Sci Fi Weapons Cyberpunk Arsenal Preview/AUDIO/BEEP_Targeting Loop_06.wav using Guid(b878334bbc55e4e94abc0354bc2f2838) Importer(815301076,1909f56bfc062723c751e8b465ee728b)  -> (artifact id: '51a45f249e9d26b5b24f9cfdddb11504') in 0.043737 seconds
  Import took 0.049834 seconds .

========================================================================
Received Import Request.
  Time since last request: 0.000463 seconds.
  path: Assets/Shapeforms Audio Free Sound Effects/Sci Fi Weapons Cyberpunk Arsenal Preview/AUDIO/GUNAuto_Assault Rifle D Burst_05.wav
  artifactKey: Guid(716300b5477724dba8bfa26038ecafd3) Importer(815301076,1909f56bfc062723c751e8b465ee728b)
Start importing Assets/Shapeforms Audio Free Sound Effects/Sci Fi Weapons Cyberpunk Arsenal Preview/AUDIO/GUNAuto_Assault Rifle D Burst_05.wav using Guid(716300b5477724dba8bfa26038ecafd3) Importer(815301076,1909f56bfc062723c751e8b465ee728b)  -> (artifact id: 'd74fe6ba3373cb1f7323f637f877a55f') in 0.041205 seconds
  Import took 0.048166 seconds .

========================================================================
Received Import Request.
  Time since last request: 0.000337 seconds.
  path: Assets/Shapeforms Audio Free Sound Effects/Sci Fi Weapons Cyberpunk Arsenal Preview/AUDIO/SCIMisc_Arm Weapon Heavy_01.wav
  artifactKey: Guid(a1e03f0a0492b425a95c51529467e09d) Importer(815301076,1909f56bfc062723c751e8b465ee728b)
Start importing Assets/Shapeforms Audio Free Sound Effects/Sci Fi Weapons Cyberpunk Arsenal Preview/AUDIO/SCIMisc_Arm Weapon Heavy_01.wav using Guid(a1e03f0a0492b425a95c51529467e09d) Importer(815301076,1909f56bfc062723c751e8b465ee728b)  -> (artifact id: 'bf2e50bf40ed76126bc15ac3ef5bfcbb') in 0.038746 seconds
  Import took 0.045460 seconds .

========================================================================
Received Import Request.
  Time since last request: 0.000304 seconds.
  path: Assets/Shapeforms Audio Free Sound Effects/Sci Fi Weapons Cyberpunk Arsenal Preview/AUDIO/BLLTBy_Bullet By Centred Fast_02.wav
  artifactKey: Guid(feaaec11b7c20462eb6660365bbeb1ad) Importer(815301076,1909f56bfc062723c751e8b465ee728b)
Start importing Assets/Shapeforms Audio Free Sound Effects/Sci Fi Weapons Cyberpunk Arsenal Preview/AUDIO/BLLTBy_Bullet By Centred Fast_02.wav using Guid(feaaec11b7c20462eb6660365bbeb1ad) Importer(815301076,1909f56bfc062723c751e8b465ee728b)  -> (artifact id: '7a7e482dbd0c8a1f1a4f01d1afff41e2') in 0.037379 seconds
  Import took 0.044350 seconds .

========================================================================
Received Import Request.
  Time since last request: 0.000319 seconds.
  path: Assets/Shapeforms Audio Free Sound Effects/Sci Fi Weapons Cyberpunk Arsenal Preview/AUDIO/GUNMech_Empty Clip Burst B_01.wav
  artifactKey: Guid(8af5749b172a645a68265fc8c9ed216d) Importer(815301076,1909f56bfc062723c751e8b465ee728b)
Start importing Assets/Shapeforms Audio Free Sound Effects/Sci Fi Weapons Cyberpunk Arsenal Preview/AUDIO/GUNMech_Empty Clip Burst B_01.wav using Guid(8af5749b172a645a68265fc8c9ed216d) Importer(815301076,1909f56bfc062723c751e8b465ee728b)  -> (artifact id: 'd6debf63a7b0aa79d2a748e885410d4d') in 0.046859 seconds
  Import took 0.054511 seconds .

========================================================================
Received Import Request.
  Time since last request: 0.000303 seconds.
  path: Assets/Shapeforms Audio Free Sound Effects/Sci Fi Weapons Cyberpunk Arsenal Preview/AUDIO/LASRGun_Classic Blaster A Fire_03.wav
  artifactKey: Guid(16c25250151e04a37b489a3f056c8314) Importer(815301076,1909f56bfc062723c751e8b465ee728b)
Start importing Assets/Shapeforms Audio Free Sound Effects/Sci Fi Weapons Cyberpunk Arsenal Preview/AUDIO/LASRGun_Classic Blaster A Fire_03.wav using Guid(16c25250151e04a37b489a3f056c8314) Importer(815301076,1909f56bfc062723c751e8b465ee728b)  -> (artifact id: 'e63b85f689184f49523f599c0b264fe0') in 0.051096 seconds
  Import took 0.058998 seconds .

========================================================================
Received Import Request.
  Time since last request: 0.000410 seconds.
  path: Assets/Shapeforms Audio Free Sound Effects/Sci Fi Weapons Cyberpunk Arsenal Preview/AUDIO/GUNArtl_Rocket Launcher Fire_02.wav
  artifactKey: Guid(08d5810d653eb4ab0ba625cd6017606b) Importer(815301076,1909f56bfc062723c751e8b465ee728b)
Start importing Assets/Shapeforms Audio Free Sound Effects/Sci Fi Weapons Cyberpunk Arsenal Preview/AUDIO/GUNArtl_Rocket Launcher Fire_02.wav using Guid(08d5810d653eb4ab0ba625cd6017606b) Importer(815301076,1909f56bfc062723c751e8b465ee728b)  -> (artifact id: 'db98fe21c01927e524db1722b58c7831') in 0.039318 seconds
  Import took 0.046107 seconds .

========================================================================
Received Import Request.
  Time since last request: 0.000304 seconds.
  path: Assets/Shapeforms Audio Free Sound Effects/Sci Fi Weapons Cyberpunk Arsenal Preview/AUDIO/GUNAuto_Sci Fi Shotgun Burst_03.wav
  artifactKey: Guid(605b56ec45cac44ca9e89ab50b38880d) Importer(815301076,1909f56bfc062723c751e8b465ee728b)
Start importing Assets/Shapeforms Audio Free Sound Effects/Sci Fi Weapons Cyberpunk Arsenal Preview/AUDIO/GUNAuto_Sci Fi Shotgun Burst_03.wav using Guid(605b56ec45cac44ca9e89ab50b38880d) Importer(815301076,1909f56bfc062723c751e8b465ee728b)  -> (artifact id: 'e941477399ff46703a5ec4ca247344f7') in 0.049432 seconds
  Import took 0.056256 seconds .

========================================================================
Received Import Request.
  Time since last request: 0.000396 seconds.
  path: Assets/Shapeforms Audio Free Sound Effects/Sci Fi Weapons Cyberpunk Arsenal Preview/AUDIO/SCIEnrg_Energy Orb_05.wav
  artifactKey: Guid(b71edef5d6eb84fe0b6837f05a411bd4) Importer(815301076,1909f56bfc062723c751e8b465ee728b)
Start importing Assets/Shapeforms Audio Free Sound Effects/Sci Fi Weapons Cyberpunk Arsenal Preview/AUDIO/SCIEnrg_Energy Orb_05.wav using Guid(b71edef5d6eb84fe0b6837f05a411bd4) Importer(815301076,1909f56bfc062723c751e8b465ee728b)  -> (artifact id: '9f8d9ab691a8a7cdf3b94e76e39f8a24') in 0.041225 seconds
  Import took 0.048968 seconds .

========================================================================
Received Import Request.
  Time since last request: 0.000370 seconds.
  path: Assets/Shapeforms Audio Free Sound Effects/Sci Fi Weapons Cyberpunk Arsenal Preview/AUDIO/BEEPTimer_Anticipation Beeps_05.wav
  artifactKey: Guid(56227355334454a669691eddf1801cb9) Importer(815301076,1909f56bfc062723c751e8b465ee728b)
Start importing Assets/Shapeforms Audio Free Sound Effects/Sci Fi Weapons Cyberpunk Arsenal Preview/AUDIO/BEEPTimer_Anticipation Beeps_05.wav using Guid(56227355334454a669691eddf1801cb9) Importer(815301076,1909f56bfc062723c751e8b465ee728b)  -> (artifact id: '49cce86fb5be8de94d08a5dbeb377e6e') in 0.047108 seconds
  Import took 0.054531 seconds .

========================================================================
Received Import Request.
  Time since last request: 0.000317 seconds.
  path: Assets/Shapeforms Audio Free Sound Effects/Sci Fi Weapons Cyberpunk Arsenal Preview/AUDIO/DSGNStngr_Kill Confirm Metallic_02.wav
  artifactKey: Guid(c1726d04415374b73a017619468158d2) Importer(815301076,1909f56bfc062723c751e8b465ee728b)
Start importing Assets/Shapeforms Audio Free Sound Effects/Sci Fi Weapons Cyberpunk Arsenal Preview/AUDIO/DSGNStngr_Kill Confirm Metallic_02.wav using Guid(c1726d04415374b73a017619468158d2) Importer(815301076,1909f56bfc062723c751e8b465ee728b)  -> (artifact id: '4080701714139755cea3ecf770835e1f') in 0.051232 seconds
  Import took 0.057787 seconds .

========================================================================
Received Import Request.
  Time since last request: 0.000286 seconds.
  path: Assets/Shapeforms Audio Free Sound Effects/Sci Fi Weapons Cyberpunk Arsenal Preview/AUDIO/BLLTRico_Metallic_11.wav
  artifactKey: Guid(201cfd6b00d124092b0f9810e5699d90) Importer(815301076,1909f56bfc062723c751e8b465ee728b)
Start importing Assets/Shapeforms Audio Free Sound Effects/Sci Fi Weapons Cyberpunk Arsenal Preview/AUDIO/BLLTRico_Metallic_11.wav using Guid(201cfd6b00d124092b0f9810e5699d90) Importer(815301076,1909f56bfc062723c751e8b465ee728b)  -> (artifact id: '091a73c312d873d53d1ca4caecdffdf5') in 0.048340 seconds
  Import took 0.055331 seconds .

========================================================================
Received Import Request.
  Time since last request: 0.000400 seconds.
  path: Assets/Shapeforms Audio Free Sound Effects/Sci Fi Weapons Cyberpunk Arsenal Preview/AUDIO/BLLTImpt_Hit Marker_07.wav
  artifactKey: Guid(07e17c040baac49bfbab34e436244b01) Importer(815301076,1909f56bfc062723c751e8b465ee728b)
Start importing Assets/Shapeforms Audio Free Sound Effects/Sci Fi Weapons Cyberpunk Arsenal Preview/AUDIO/BLLTImpt_Hit Marker_07.wav using Guid(07e17c040baac49bfbab34e436244b01) Importer(815301076,1909f56bfc062723c751e8b465ee728b)  -> (artifact id: 'f2ec5b71a347da1665b3f9b836a1d6df') in 0.119823 seconds
  Import took 0.126484 seconds .

========================================================================
Received Import Request.
  Time since last request: 0.000322 seconds.
  path: Assets/Shapeforms Audio Free Sound Effects/Sci Fi Weapons Cyberpunk Arsenal Preview/AUDIO/GUNArtl_Grenade Launcher Fire_05.wav
  artifactKey: Guid(af7c7a46541c343b495812ae2b3c5d28) Importer(815301076,1909f56bfc062723c751e8b465ee728b)
Start importing Assets/Shapeforms Audio Free Sound Effects/Sci Fi Weapons Cyberpunk Arsenal Preview/AUDIO/GUNArtl_Grenade Launcher Fire_05.wav using Guid(af7c7a46541c343b495812ae2b3c5d28) Importer(815301076,1909f56bfc062723c751e8b465ee728b)  -> (artifact id: '479ce38d210cb8ee94a2dd391240d198') in 0.072937 seconds
  Import took 0.079464 seconds .

========================================================================
Received Import Request.
  Time since last request: 0.000289 seconds.
  path: Assets/Shapeforms Audio Free Sound Effects/Sci Fi Weapons Cyberpunk Arsenal Preview/AUDIO/GUNAuto_RPU Mk2 Burst_04.wav
  artifactKey: Guid(eafb9188574084c7cadfd6108975cf13) Importer(815301076,1909f56bfc062723c751e8b465ee728b)
Start importing Assets/Shapeforms Audio Free Sound Effects/Sci Fi Weapons Cyberpunk Arsenal Preview/AUDIO/GUNAuto_RPU Mk2 Burst_04.wav using Guid(eafb9188574084c7cadfd6108975cf13) Importer(815301076,1909f56bfc062723c751e8b465ee728b)  -> (artifact id: '5b65eb18ccb8a289ebe57a03b9401f14') in 0.079447 seconds
  Import took 0.087136 seconds .

========================================================================
Received Import Request.
  Time since last request: 0.000449 seconds.
  path: Assets/Shapeforms Audio Free Sound Effects/Sci Fi Weapons Cyberpunk Arsenal Preview/AUDIO/LASRGun_Ion Pistol C Burst_02.wav
  artifactKey: Guid(eaaec473bb45349d991515330257e71a) Importer(815301076,1909f56bfc062723c751e8b465ee728b)
Start importing Assets/Shapeforms Audio Free Sound Effects/Sci Fi Weapons Cyberpunk Arsenal Preview/AUDIO/LASRGun_Ion Pistol C Burst_02.wav using Guid(eaaec473bb45349d991515330257e71a) Importer(815301076,1909f56bfc062723c751e8b465ee728b)  -> (artifact id: 'd1087640310c9011facbd7face0ef8d8') in 0.060766 seconds
  Import took 0.068196 seconds .

========================================================================
Received Import Request.
  Time since last request: 0.000462 seconds.
  path: Assets/Shapeforms Audio Free Sound Effects/Sci Fi Weapons Cyberpunk Arsenal Preview/AUDIO/SCIMisc_Reload Alien Tech_02.wav
  artifactKey: Guid(27fd630d6199d4ef994265f301a8d53d) Importer(815301076,1909f56bfc062723c751e8b465ee728b)
Start importing Assets/Shapeforms Audio Free Sound Effects/Sci Fi Weapons Cyberpunk Arsenal Preview/AUDIO/SCIMisc_Reload Alien Tech_02.wav using Guid(27fd630d6199d4ef994265f301a8d53d) Importer(815301076,1909f56bfc062723c751e8b465ee728b)  -> (artifact id: '1e02a13808a0d7bba9b60bcd0a8c267f') in 0.049099 seconds
  Import took 0.055732 seconds .

========================================================================
Received Import Request.
  Time since last request: 0.000313 seconds.
  path: Assets/Shapeforms Audio Free Sound Effects/Sci Fi Weapons Cyberpunk Arsenal Preview/AUDIO/GUNPis_Pistol Fire Longer Tail_05.wav
  artifactKey: Guid(81764b23e5b364bcdbebf662664d45f4) Importer(815301076,1909f56bfc062723c751e8b465ee728b)
Start importing Assets/Shapeforms Audio Free Sound Effects/Sci Fi Weapons Cyberpunk Arsenal Preview/AUDIO/GUNPis_Pistol Fire Longer Tail_05.wav using Guid(81764b23e5b364bcdbebf662664d45f4) Importer(815301076,1909f56bfc062723c751e8b465ee728b)  -> (artifact id: '9544d59993d03faea9184277c9397d47') in 0.042715 seconds
  Import took 0.051189 seconds .

========================================================================
Received Import Request.
  Time since last request: 0.000412 seconds.
  path: Assets/Shapeforms Audio Free Sound Effects/Sci Fi Weapons Cyberpunk Arsenal Preview/AUDIO/LASRGun_Alien Handgun Burst_03.wav
  artifactKey: Guid(7eb957ad4a8624c1690dd32b27bcf2a9) Importer(815301076,1909f56bfc062723c751e8b465ee728b)
Start importing Assets/Shapeforms Audio Free Sound Effects/Sci Fi Weapons Cyberpunk Arsenal Preview/AUDIO/LASRGun_Alien Handgun Burst_03.wav using Guid(7eb957ad4a8624c1690dd32b27bcf2a9) Importer(815301076,1909f56bfc062723c751e8b465ee728b)  -> (artifact id: '013c933e5ee7df11febb4230621c26bc') in 0.044691 seconds
  Import took 0.051934 seconds .

========================================================================
Received Import Request.
  Time since last request: 0.000380 seconds.
  path: Assets/Shapeforms Audio Free Sound Effects/Sci Fi Weapons Cyberpunk Arsenal Preview/AUDIO/GUNMech_Mechanical_12.wav
  artifactKey: Guid(80a62d8ae89f646d49b3e89cba4e5822) Importer(815301076,1909f56bfc062723c751e8b465ee728b)
Start importing Assets/Shapeforms Audio Free Sound Effects/Sci Fi Weapons Cyberpunk Arsenal Preview/AUDIO/GUNMech_Mechanical_12.wav using Guid(80a62d8ae89f646d49b3e89cba4e5822) Importer(815301076,1909f56bfc062723c751e8b465ee728b)  -> (artifact id: '73fedf9752ee3a47f7abbc1d711e3560') in 0.048500 seconds
  Import took 0.056140 seconds .

========================================================================
Received Import Request.
  Time since last request: 0.000814 seconds.
  path: Assets/Shapeforms Audio Free Sound Effects/Sci Fi Weapons Cyberpunk Arsenal Preview/AUDIO/LASRGun_Electron Impeller Fire_07.wav
  artifactKey: Guid(4139162f635014b5db7fdb69147ad0f8) Importer(815301076,1909f56bfc062723c751e8b465ee728b)
Start importing Assets/Shapeforms Audio Free Sound Effects/Sci Fi Weapons Cyberpunk Arsenal Preview/AUDIO/LASRGun_Electron Impeller Fire_07.wav using Guid(4139162f635014b5db7fdb69147ad0f8) Importer(815301076,1909f56bfc062723c751e8b465ee728b)  -> (artifact id: '0e6624955c144a430e700ad86130be70') in 0.040929 seconds
  Import took 0.049246 seconds .

========================================================================
Received Import Request.
  Time since last request: 0.000318 seconds.
  path: Assets/Shapeforms Audio Free Sound Effects/Sci Fi Weapons Cyberpunk Arsenal Preview/AUDIO/GUNTech_Sci Fi Shotgun Fire_04.wav
  artifactKey: Guid(a4ef8ffb6472a4f39a9a6462b071a991) Importer(815301076,1909f56bfc062723c751e8b465ee728b)
Start importing Assets/Shapeforms Audio Free Sound Effects/Sci Fi Weapons Cyberpunk Arsenal Preview/AUDIO/GUNTech_Sci Fi Shotgun Fire_04.wav using Guid(a4ef8ffb6472a4f39a9a6462b071a991) Importer(815301076,1909f56bfc062723c751e8b465ee728b)  -> (artifact id: '587de14f6a1b1793d3f69c13e6f3a1ec') in 0.045254 seconds
  Import took 0.052770 seconds .

========================================================================
Received Import Request.
  Time since last request: 0.000288 seconds.
  path: Assets/Shapeforms Audio Free Sound Effects/Sci Fi Weapons Cyberpunk Arsenal Preview/AUDIO/GUNAuto_Assault Rifle A Fire_01.wav
  artifactKey: Guid(e5f0a762c652f4065a1238d2febd38c6) Importer(815301076,1909f56bfc062723c751e8b465ee728b)
Start importing Assets/Shapeforms Audio Free Sound Effects/Sci Fi Weapons Cyberpunk Arsenal Preview/AUDIO/GUNAuto_Assault Rifle A Fire_01.wav using Guid(e5f0a762c652f4065a1238d2febd38c6) Importer(815301076,1909f56bfc062723c751e8b465ee728b)  -> (artifact id: 'c1d7d3286b30e77b82658786ceb3f3a3') in 0.041693 seconds
  Import took 0.050131 seconds .

========================================================================
Received Import Request.
  Time since last request: 0.000293 seconds.
  path: Assets/Shapeforms Audio Free Sound Effects/Sci Fi Weapons Cyberpunk Arsenal Preview/AUDIO/EXPLDsgn_Explosion Rumble Distorted_01.wav
  artifactKey: Guid(d1f2477ca0d094c828b805f8745c21be) Importer(815301076,1909f56bfc062723c751e8b465ee728b)
Start importing Assets/Shapeforms Audio Free Sound Effects/Sci Fi Weapons Cyberpunk Arsenal Preview/AUDIO/EXPLDsgn_Explosion Rumble Distorted_01.wav using Guid(d1f2477ca0d094c828b805f8745c21be) Importer(815301076,1909f56bfc062723c751e8b465ee728b)  -> (artifact id: 'bae6625b781f9290aa49e21dc309be4b') in 0.042848 seconds
  Import took 0.051864 seconds .

========================================================================
Received Import Request.
  Time since last request: 0.000337 seconds.
  path: Assets/Shapeforms Audio Free Sound Effects/Sci Fi Weapons Cyberpunk Arsenal Preview/AUDIO/BLLTRico_Ricochet Metallic_04.wav
  artifactKey: Guid(fcdfa99eea8ea494a944eda18aaef581) Importer(815301076,1909f56bfc062723c751e8b465ee728b)
Start importing Assets/Shapeforms Audio Free Sound Effects/Sci Fi Weapons Cyberpunk Arsenal Preview/AUDIO/BLLTRico_Ricochet Metallic_04.wav using Guid(fcdfa99eea8ea494a944eda18aaef581) Importer(815301076,1909f56bfc062723c751e8b465ee728b)  -> (artifact id: '14dca62ef0147732ec7897aa5a4a5770') in 0.051632 seconds
  Import took 0.059985 seconds .

========================================================================
Received Import Request.
  Time since last request: 0.000324 seconds.
  path: Assets/Shapeforms Audio Free Sound Effects/Sci Fi Weapons Cyberpunk Arsenal Preview/AUDIO/LASRGun_Plasma Rifle Bullet Stream_02.wav
  artifactKey: Guid(1af371c55ce7f481192cb3b75db41e69) Importer(815301076,1909f56bfc062723c751e8b465ee728b)
Start importing Assets/Shapeforms Audio Free Sound Effects/Sci Fi Weapons Cyberpunk Arsenal Preview/AUDIO/LASRGun_Plasma Rifle Bullet Stream_02.wav using Guid(1af371c55ce7f481192cb3b75db41e69) Importer(815301076,1909f56bfc062723c751e8b465ee728b)  -> (artifact id: '5067f7e894969f14752764789afbe0ec') in 0.044999 seconds
  Import took 0.051805 seconds .

========================================================================
Received Import Request.
  Time since last request: 0.000397 seconds.
  path: Assets/Shapeforms Audio Free Sound Effects/Sci Fi Weapons Cyberpunk Arsenal Preview/AUDIO/GUNMech_Scope Deactivate_06.wav
  artifactKey: Guid(dd0028d2068774a9a958d1174bddee3f) Importer(815301076,1909f56bfc062723c751e8b465ee728b)
Start importing Assets/Shapeforms Audio Free Sound Effects/Sci Fi Weapons Cyberpunk Arsenal Preview/AUDIO/GUNMech_Scope Deactivate_06.wav using Guid(dd0028d2068774a9a958d1174bddee3f) Importer(815301076,1909f56bfc062723c751e8b465ee728b)  -> (artifact id: 'f14dd404dab96c0e21bc2c54ed1e0590') in 0.041445 seconds
  Import took 0.048126 seconds .

========================================================================
Received Import Request.
  Time since last request: 0.000463 seconds.
  path: Assets/Shapeforms Audio Free Sound Effects/Sci Fi Weapons Cyberpunk Arsenal Preview/AUDIO/GUNSupr_Silenced Pistol Fire Short_01.wav
  artifactKey: Guid(67ff0f1f4f6f24ad5ac07ccfd34636fd) Importer(815301076,1909f56bfc062723c751e8b465ee728b)
Start importing Assets/Shapeforms Audio Free Sound Effects/Sci Fi Weapons Cyberpunk Arsenal Preview/AUDIO/GUNSupr_Silenced Pistol Fire Short_01.wav using Guid(67ff0f1f4f6f24ad5ac07ccfd34636fd) Importer(815301076,1909f56bfc062723c751e8b465ee728b)  -> (artifact id: '45ff2f14367a0302d64e6496e8866659') in 0.035470 seconds
  Import took 0.042274 seconds .

========================================================================
Received Import Request.
  Time since last request: 0.000318 seconds.
  path: Assets/Shapeforms Audio Free Sound Effects/Sci Fi Weapons Cyberpunk Arsenal Preview/AUDIO/MOTRSrvo_Plasma Rifle Arm_01.wav
  artifactKey: Guid(006910ae2cc6e426c9797a60920c1243) Importer(815301076,1909f56bfc062723c751e8b465ee728b)
Start importing Assets/Shapeforms Audio Free Sound Effects/Sci Fi Weapons Cyberpunk Arsenal Preview/AUDIO/MOTRSrvo_Plasma Rifle Arm_01.wav using Guid(006910ae2cc6e426c9797a60920c1243) Importer(815301076,1909f56bfc062723c751e8b465ee728b)  -> (artifact id: '7da7a7aeb5f2eabcbd25a2f0efb42804') in 0.040774 seconds
  Import took 0.048071 seconds .

========================================================================
Received Import Request.
  Time since last request: 0.000315 seconds.
  path: Assets/Shapeforms Audio Free Sound Effects/Sci Fi Weapons Cyberpunk Arsenal Preview/AUDIO/CREAMnstr_Beast Vocalisation_09.wav
  artifactKey: Guid(134bab590d7624647a39e5ccb50d9cf5) Importer(815301076,1909f56bfc062723c751e8b465ee728b)
Start importing Assets/Shapeforms Audio Free Sound Effects/Sci Fi Weapons Cyberpunk Arsenal Preview/AUDIO/CREAMnstr_Beast Vocalisation_09.wav using Guid(134bab590d7624647a39e5ccb50d9cf5) Importer(815301076,1909f56bfc062723c751e8b465ee728b)  -> (artifact id: '07ff7399f771443f2492fff19ec2837d') in 0.036456 seconds
  Import took 0.041837 seconds .

========================================================================
Received Import Request.
  Time since last request: 0.000328 seconds.
  path: Assets/Shapeforms Audio Free Sound Effects/Sci Fi Weapons Cyberpunk Arsenal Preview/AUDIO/GORESplt_Giblet Splatter_02.wav
  artifactKey: Guid(e2ef13590109348d19c2566f7381c2f5) Importer(815301076,1909f56bfc062723c751e8b465ee728b)
Start importing Assets/Shapeforms Audio Free Sound Effects/Sci Fi Weapons Cyberpunk Arsenal Preview/AUDIO/GORESplt_Giblet Splatter_02.wav using Guid(e2ef13590109348d19c2566f7381c2f5) Importer(815301076,1909f56bfc062723c751e8b465ee728b)  -> (artifact id: 'f12ed3ebb029b36139a3c674f47dc349') in 0.036256 seconds
  Import took 0.042018 seconds .

========================================================================
Received Import Request.
  Time since last request: 0.000322 seconds.
  path: Assets/Shapeforms Audio Free Sound Effects/Sci Fi Weapons Cyberpunk Arsenal Preview/AUDIO/BLLTShel_Shell Eject_02.wav
  artifactKey: Guid(3e8309c4fa8f04d34a29bfad612312b9) Importer(815301076,1909f56bfc062723c751e8b465ee728b)
Start importing Assets/Shapeforms Audio Free Sound Effects/Sci Fi Weapons Cyberpunk Arsenal Preview/AUDIO/BLLTShel_Shell Eject_02.wav using Guid(3e8309c4fa8f04d34a29bfad612312b9) Importer(815301076,1909f56bfc062723c751e8b465ee728b)  -> (artifact id: 'cbdaaa1bbdee6f835d53cfec93547b84') in 0.038157 seconds
  Import took 0.044158 seconds .

========================================================================
Received Import Request.
  Time since last request: 0.000307 seconds.
  path: Assets/Shapeforms Audio Free Sound Effects/Sci Fi Weapons Cyberpunk Arsenal Preview/AUDIO/LIQImpt_Goo Splatter_09.wav
  artifactKey: Guid(a245ac773194142cfa12c21de3e0980b) Importer(815301076,1909f56bfc062723c751e8b465ee728b)
Start importing Assets/Shapeforms Audio Free Sound Effects/Sci Fi Weapons Cyberpunk Arsenal Preview/AUDIO/LIQImpt_Goo Splatter_09.wav using Guid(a245ac773194142cfa12c21de3e0980b) Importer(815301076,1909f56bfc062723c751e8b465ee728b)  -> (artifact id: '366c3101f564f1580413e659a65050cc') in 0.035459 seconds
  Import took 0.042373 seconds .

========================================================================
Received Import Request.
  Time since last request: 0.000420 seconds.
  path: Assets/Shapeforms Audio Free Sound Effects/Sci Fi Weapons Cyberpunk Arsenal Preview/AUDIO/GUNCano_Quad Cannon Fire Double_01.wav
  artifactKey: Guid(cc2776a16222947d48ff48810945280f) Importer(815301076,1909f56bfc062723c751e8b465ee728b)
Start importing Assets/Shapeforms Audio Free Sound Effects/Sci Fi Weapons Cyberpunk Arsenal Preview/AUDIO/GUNCano_Quad Cannon Fire Double_01.wav using Guid(cc2776a16222947d48ff48810945280f) Importer(815301076,1909f56bfc062723c751e8b465ee728b)  -> (artifact id: '50c3ad6977731299cddb571150bb36aa') in 0.037437 seconds
  Import took 0.043107 seconds .

========================================================================
Received Import Request.
  Time since last request: 0.000329 seconds.
  path: Assets/Shapeforms Audio Free Sound Effects/Sci Fi Weapons Cyberpunk Arsenal Preview/AUDIO/LASRBeam_Plasma Loop_01.wav
  artifactKey: Guid(b47937426fd334cbb9bcd463e67e5744) Importer(815301076,1909f56bfc062723c751e8b465ee728b)
Start importing Assets/Shapeforms Audio Free Sound Effects/Sci Fi Weapons Cyberpunk Arsenal Preview/AUDIO/LASRBeam_Plasma Loop_01.wav using Guid(b47937426fd334cbb9bcd463e67e5744) Importer(815301076,1909f56bfc062723c751e8b465ee728b)  -> (artifact id: '90118068930e08580d38272b63fd0b40') in 0.034970 seconds
  Import took 0.041992 seconds .

========================================================================
Received Import Request.
  Time since last request: 0.000467 seconds.
  path: Assets/Shapeforms Audio Free Sound Effects/Sci Fi Weapons Cyberpunk Arsenal Preview/AUDIO/GUNTech_Tormentor Shotgun Fire_05.wav
  artifactKey: Guid(6063de929982848818da46b675640842) Importer(815301076,1909f56bfc062723c751e8b465ee728b)
Start importing Assets/Shapeforms Audio Free Sound Effects/Sci Fi Weapons Cyberpunk Arsenal Preview/AUDIO/GUNTech_Tormentor Shotgun Fire_05.wav using Guid(6063de929982848818da46b675640842) Importer(815301076,1909f56bfc062723c751e8b465ee728b)  -> (artifact id: 'e7345434261d47e21aba56e9b60e68ed') in 0.034620 seconds
  Import took 0.041260 seconds .

========================================================================
Received Import Request.
  Time since last request: 0.000277 seconds.
  path: Assets/Shapeforms Audio Free Sound Effects/Sci Fi Weapons Cyberpunk Arsenal Preview/AUDIO/UIGlitch_Error Tone_03.wav
  artifactKey: Guid(16458abe8d5a64f7a8082f0de46d643f) Importer(815301076,1909f56bfc062723c751e8b465ee728b)
Start importing Assets/Shapeforms Audio Free Sound Effects/Sci Fi Weapons Cyberpunk Arsenal Preview/AUDIO/UIGlitch_Error Tone_03.wav using Guid(16458abe8d5a64f7a8082f0de46d643f) Importer(815301076,1909f56bfc062723c751e8b465ee728b)  -> (artifact id: '953e38f5bf8ffc85bd769740833be35b') in 0.041728 seconds
  Import took 0.047931 seconds .

========================================================================
Received Import Request.
  Time since last request: 0.000326 seconds.
  path: Assets/Shapeforms Audio Free Sound Effects/Sci Fi Weapons Cyberpunk Arsenal Preview/AUDIO/MECHClik_Mine Deploy_02.wav
  artifactKey: Guid(2bd37df2fb96f4d978c1f706701ce87f) Importer(815301076,1909f56bfc062723c751e8b465ee728b)
Start importing Assets/Shapeforms Audio Free Sound Effects/Sci Fi Weapons Cyberpunk Arsenal Preview/AUDIO/MECHClik_Mine Deploy_02.wav using Guid(2bd37df2fb96f4d978c1f706701ce87f) Importer(815301076,1909f56bfc062723c751e8b465ee728b)  -> (artifact id: 'c04f5338959f6e02887ebb7c2ebbf06a') in 0.038556 seconds
  Import took 0.044266 seconds .

========================================================================
Received Import Request.
  Time since last request: 0.000320 seconds.
  path: Assets/Shapeforms Audio Free Sound Effects/Sci Fi Weapons Cyberpunk Arsenal Preview/AUDIO/EXPLDsgn_Implode_15.wav
  artifactKey: Guid(bca37a64604704def8659e7c2769936d) Importer(815301076,1909f56bfc062723c751e8b465ee728b)
Start importing Assets/Shapeforms Audio Free Sound Effects/Sci Fi Weapons Cyberpunk Arsenal Preview/AUDIO/EXPLDsgn_Implode_15.wav using Guid(bca37a64604704def8659e7c2769936d) Importer(815301076,1909f56bfc062723c751e8b465ee728b)  -> (artifact id: '485cd4192622b3eb774260315a0c87a7') in 0.036911 seconds
  Import took 0.042773 seconds .

========================================================================
Received Import Request.
  Time since last request: 0.000302 seconds.
  path: Assets/Shapeforms Audio Free Sound Effects/Sci Fi Weapons Cyberpunk Arsenal Preview/AUDIO/GUNAuto_Plasmid Machinegun Burst_07.wav
  artifactKey: Guid(220e070a1453c4cbbb6c8cfe18bc1a4e) Importer(815301076,1909f56bfc062723c751e8b465ee728b)
Start importing Assets/Shapeforms Audio Free Sound Effects/Sci Fi Weapons Cyberpunk Arsenal Preview/AUDIO/GUNAuto_Plasmid Machinegun Burst_07.wav using Guid(220e070a1453c4cbbb6c8cfe18bc1a4e) Importer(815301076,1909f56bfc062723c751e8b465ee728b)  -> (artifact id: '6f22bad2a5bbc5995d9911e30e997fd4') in 0.036773 seconds
  Import took 0.042641 seconds .

========================================================================
Received Import Request.
  Time since last request: 0.000338 seconds.
  path: Assets/Shapeforms Audio Free Sound Effects/Sci Fi Weapons Cyberpunk Arsenal Preview/AUDIO/GUNMech_Arm Weapon Rattle_10.wav
  artifactKey: Guid(270e84d37dc0c4999977a731e70cba50) Importer(815301076,1909f56bfc062723c751e8b465ee728b)
Start importing Assets/Shapeforms Audio Free Sound Effects/Sci Fi Weapons Cyberpunk Arsenal Preview/AUDIO/GUNMech_Arm Weapon Rattle_10.wav using Guid(270e84d37dc0c4999977a731e70cba50) Importer(815301076,1909f56bfc062723c751e8b465ee728b)  -> (artifact id: 'aa2d2f1a9aa4c76449ec368c131d5cbe') in 0.035933 seconds
  Import took 0.042198 seconds .

========================================================================
Received Import Request.
  Time since last request: 89.675323 seconds.
  path: Assets/Animation/Bonuses/Power Up.prefab
  artifactKey: Guid(71f89368f03bd5740a7f17e106b277bb) Importer(815301076,1909f56bfc062723c751e8b465ee728b)
Start importing Assets/Animation/Bonuses/Power Up.prefab using Guid(71f89368f03bd5740a7f17e106b277bb) Importer(815301076,1909f56bfc062723c751e8b465ee728b)  -> (artifact id: '65eb44c78bd152cb6fb3ccb577bc4b13') in 0.337847 seconds
  Import took 0.344622 seconds .

========================================================================
Received Import Request.
  Time since last request: 737.059070 seconds.
  path: Assets/Prefabs/Background/Backgrounds.prefab
  artifactKey: Guid(5a213a4dde83c404f8856922c5fc08ff) Importer(815301076,1909f56bfc062723c751e8b465ee728b)
Start importing Assets/Prefabs/Background/Backgrounds.prefab using Guid(5a213a4dde83c404f8856922c5fc08ff) Importer(815301076,1909f56bfc062723c751e8b465ee728b)  -> (artifact id: '856564d57a0d51525322fe864e6dd07a') in 0.563169 seconds
  Import took 0.572938 seconds .

========================================================================
Received Import Request.
  Time since last request: 0.006694 seconds.
  path: Assets/Prefabs/Background/Backgrounds.prefab
  artifactKey: Guid(5a213a4dde83c404f8856922c5fc08ff) Importer(815301076,1909f56bfc062723c751e8b465ee728b)
Start importing Assets/Prefabs/Background/Backgrounds.prefab using Guid(5a213a4dde83c404f8856922c5fc08ff) Importer(815301076,1909f56bfc062723c751e8b465ee728b)  -> (artifact id: '856564d57a0d51525322fe864e6dd07a') in 0.424560 seconds
  Import took 0.430832 seconds .

========================================================================
Received Import Request.
  Time since last request: 239.157674 seconds.
  path: Assets/Prefabs/Background/Backgrounds.prefab
  artifactKey: Guid(5a213a4dde83c404f8856922c5fc08ff) Importer(815301076,1909f56bfc062723c751e8b465ee728b)
Start importing Assets/Prefabs/Background/Backgrounds.prefab using Guid(5a213a4dde83c404f8856922c5fc08ff) Importer(815301076,1909f56bfc062723c751e8b465ee728b)  -> (artifact id: '0ebc0e8616036e6f84eae8d14a8e6052') in 0.418708 seconds
  Import took 0.425701 seconds .

========================================================================
Received Prepare
Registering precompiled user dll's ...
Registered in 0.002100 seconds.
Begin MonoManager ReloadAssembly
Native extension for WindowsStandalone target not found
Refreshing native plugins compatible for Editor in 0.98 ms, found 1 plugins.
Preloading 0 native plugins for Editor in 0.00 ms.
Invoked RoslynAnalysisRunner static constructor.
RoslynAnalysisRunner will not be running.
RoslynAnalysisRunner has terminated.
Mono: successfully reloaded assembly
- Completed reload, in  1.971 seconds
Platform modules already initialized, skipping
Switching build target platform(5) subTarget(0) extendedPlatform(0) -> platform(13) subTarget(589824) extendedPlatform(0)
Refreshing native plugins compatible for Editor in 0.95 ms, found 1 plugins.
Preloading 0 native plugins for Editor in 0.00 ms.
Unloading 1918 Unused Serialized files (Serialized files now loaded: 0)
System memory in use before: 91.1 MB.
System memory in use after: 91.2 MB.

Unloading 22 unused Assets to reduce memory usage. Loaded Objects now: 2401.
Total: 4.007800 ms (FindLiveObjects: 0.478700 ms CreateObjectMapping: 0.142400 ms MarkObjects: 3.321700 ms  DeleteObjects: 0.063100 ms)

AssetImportParameters requested are different than current active one (requested -> active):
  custom:graphics/normal-map-encoding: 01000000000000000000000000000000 -> 02000000000000000000000000000000
========================================================================
Received Prepare
Registering precompiled user dll's ...
Registered in 0.005130 seconds.
Begin MonoManager ReloadAssembly
Native extension for WindowsStandalone target not found
Refreshing native plugins compatible for Editor in 0.93 ms, found 1 plugins.
Preloading 0 native plugins for Editor in 0.00 ms.
Invoked RoslynAnalysisRunner static constructor.
RoslynAnalysisRunner will not be running.
RoslynAnalysisRunner has terminated.
Mono: successfully reloaded assembly
- Completed reload, in  1.922 seconds
Platform modules already initialized, skipping
Switching build target platform(5) subTarget(0) extendedPlatform(0) -> platform(13) subTarget(589824) extendedPlatform(0)
Refreshing native plugins compatible for Editor in 1.13 ms, found 1 plugins.
Preloading 0 native plugins for Editor in 0.00 ms.
Unloading 1918 Unused Serialized files (Serialized files now loaded: 0)
System memory in use before: 91.1 MB.
System memory in use after: 91.2 MB.

Unloading 20 unused Assets to reduce memory usage. Loaded Objects now: 2405.
Total: 3.805400 ms (FindLiveObjects: 0.482100 ms CreateObjectMapping: 0.134300 ms MarkObjects: 3.157100 ms  DeleteObjects: 0.029800 ms)

AssetImportParameters requested are different than current active one (requested -> active):
  custom:graphics/normal-map-encoding: 01000000000000000000000000000000 -> 02000000000000000000000000000000
========================================================================
Received Import Request.
  Time since last request: 796.046717 seconds.
  path: Assets/Prefabs/Background/Backgrounds.prefab
  artifactKey: Guid(5a213a4dde83c404f8856922c5fc08ff) Importer(815301076,1909f56bfc062723c751e8b465ee728b)
Start importing Assets/Prefabs/Background/Backgrounds.prefab using Guid(5a213a4dde83c404f8856922c5fc08ff) Importer(815301076,1909f56bfc062723c751e8b465ee728b)  -> (artifact id: '3be6f72ca4a935ca542446d60ac320d5') in 0.482327 seconds
  Import took 0.489924 seconds .

========================================================================
Received Import Request.
  Time since last request: 2.654501 seconds.
  path: Assets/Prefabs/Background/Backgrounds.prefab
  artifactKey: Guid(5a213a4dde83c404f8856922c5fc08ff) Importer(815301076,1909f56bfc062723c751e8b465ee728b)
Start importing Assets/Prefabs/Background/Backgrounds.prefab using Guid(5a213a4dde83c404f8856922c5fc08ff) Importer(815301076,1909f56bfc062723c751e8b465ee728b)  -> (artifact id: '1b7a4d7f9e3e8da1f562f7d9f91a90d9') in 0.449582 seconds
  Import took 0.458078 seconds .

========================================================================
Received Prepare
Registering precompiled user dll's ...
Registered in 0.002058 seconds.
Begin MonoManager ReloadAssembly
Native extension for WindowsStandalone target not found
Refreshing native plugins compatible for Editor in 0.95 ms, found 1 plugins.
Preloading 0 native plugins for Editor in 0.00 ms.
Invoked RoslynAnalysisRunner static constructor.
RoslynAnalysisRunner will not be running.
RoslynAnalysisRunner has terminated.
Mono: successfully reloaded assembly
- Completed reload, in  1.822 seconds
Platform modules already initialized, skipping
Switching build target platform(5) subTarget(0) extendedPlatform(0) -> platform(13) subTarget(589824) extendedPlatform(0)
Refreshing native plugins compatible for Editor in 0.86 ms, found 1 plugins.
Preloading 0 native plugins for Editor in 0.00 ms.
Unloading 1918 Unused Serialized files (Serialized files now loaded: 0)
System memory in use before: 91.1 MB.
System memory in use after: 91.2 MB.

Unloading 22 unused Assets to reduce memory usage. Loaded Objects now: 2410.
Total: 3.215100 ms (FindLiveObjects: 0.387200 ms CreateObjectMapping: 0.119900 ms MarkObjects: 2.650600 ms  DeleteObjects: 0.056200 ms)

AssetImportParameters requested are different than current active one (requested -> active):
  custom:graphics/normal-map-encoding: 01000000000000000000000000000000 -> 02000000000000000000000000000000
========================================================================
Received Import Request.
  Time since last request: 5356.335706 seconds.
  path: Assets/Scenes/GamePlayScene.unity
  artifactKey: Guid(2cda990e2423bbf4892e6590ba056729) Importer(815301076,1909f56bfc062723c751e8b465ee728b)
Start importing Assets/Scenes/GamePlayScene.unity using Guid(2cda990e2423bbf4892e6590ba056729) Importer(815301076,1909f56bfc062723c751e8b465ee728b)  -> (artifact id: 'c14b4bc5a81d651b0625977c8841d3b8') in 0.057945 seconds
  Import took 0.070653 seconds .

========================================================================
Received Prepare
Registering precompiled user dll's ...
Registered in 0.002233 seconds.
Begin MonoManager ReloadAssembly
Native extension for WindowsStandalone target not found
Refreshing native plugins compatible for Editor in 1.00 ms, found 1 plugins.
Preloading 0 native plugins for Editor in 0.00 ms.
Invoked RoslynAnalysisRunner static constructor.
RoslynAnalysisRunner will not be running.
RoslynAnalysisRunner has terminated.
Mono: successfully reloaded assembly
- Completed reload, in  1.955 seconds
Platform modules already initialized, skipping
Switching build target platform(5) subTarget(0) extendedPlatform(0) -> platform(13) subTarget(589824) extendedPlatform(0)
Refreshing native plugins compatible for Editor in 0.97 ms, found 1 plugins.
Preloading 0 native plugins for Editor in 0.00 ms.
Unloading 1918 Unused Serialized files (Serialized files now loaded: 0)
System memory in use before: 91.1 MB.
System memory in use after: 91.2 MB.

Unloading 20 unused Assets to reduce memory usage. Loaded Objects now: 2414.
Total: 3.833200 ms (FindLiveObjects: 0.430800 ms CreateObjectMapping: 0.126600 ms MarkObjects: 3.169700 ms  DeleteObjects: 0.104400 ms)

AssetImportParameters requested are different than current active one (requested -> active):
  custom:graphics/normal-map-encoding: 01000000000000000000000000000000 -> 02000000000000000000000000000000
========================================================================
Received Prepare
Registering precompiled user dll's ...
Registered in 0.002281 seconds.
Begin MonoManager ReloadAssembly
Native extension for WindowsStandalone target not found
Refreshing native plugins compatible for Editor in 0.89 ms, found 1 plugins.
Preloading 0 native plugins for Editor in 0.00 ms.
Invoked RoslynAnalysisRunner static constructor.
RoslynAnalysisRunner will not be running.
RoslynAnalysisRunner has terminated.
Mono: successfully reloaded assembly
- Completed reload, in  1.871 seconds
Platform modules already initialized, skipping
Switching build target platform(5) subTarget(0) extendedPlatform(0) -> platform(13) subTarget(589824) extendedPlatform(0)
Refreshing native plugins compatible for Editor in 0.95 ms, found 1 plugins.
Preloading 0 native plugins for Editor in 0.00 ms.
Unloading 1918 Unused Serialized files (Serialized files now loaded: 0)
System memory in use before: 91.1 MB.
System memory in use after: 91.2 MB.

Unloading 20 unused Assets to reduce memory usage. Loaded Objects now: 2418.
Total: 3.316100 ms (FindLiveObjects: 0.383400 ms CreateObjectMapping: 0.122700 ms MarkObjects: 2.777800 ms  DeleteObjects: 0.030600 ms)

AssetImportParameters requested are different than current active one (requested -> active):
  custom:graphics/normal-map-encoding: 01000000000000000000000000000000 -> 02000000000000000000000000000000
========================================================================
Received Import Request.
  Time since last request: 115.215179 seconds.
  path: Assets/Scenes/MainMenuScene.unity
  artifactKey: Guid(d61f9cc51664f8d4390c37dc09cf764f) Importer(815301076,1909f56bfc062723c751e8b465ee728b)
Start importing Assets/Scenes/MainMenuScene.unity using Guid(d61f9cc51664f8d4390c37dc09cf764f) Importer(815301076,1909f56bfc062723c751e8b465ee728b)  -> (artifact id: '4a20a9f14cf8a4e8eb2c0f034f27bc2d') in 0.034063 seconds
  Import took 0.040275 seconds .

========================================================================
Received Prepare
Registering precompiled user dll's ...
Registered in 0.002096 seconds.
Begin MonoManager ReloadAssembly
Native extension for WindowsStandalone target not found
Refreshing native plugins compatible for Editor in 0.88 ms, found 1 plugins.
Preloading 0 native plugins for Editor in 0.00 ms.
Invoked RoslynAnalysisRunner static constructor.
RoslynAnalysisRunner will not be running.
RoslynAnalysisRunner has terminated.
Mono: successfully reloaded assembly
- Completed reload, in  1.995 seconds
Platform modules already initialized, skipping
Switching build target platform(5) subTarget(0) extendedPlatform(0) -> platform(13) subTarget(589824) extendedPlatform(0)
Refreshing native plugins compatible for Editor in 0.91 ms, found 1 plugins.
Preloading 0 native plugins for Editor in 0.00 ms.
Unloading 1918 Unused Serialized files (Serialized files now loaded: 0)
System memory in use before: 91.1 MB.
System memory in use after: 91.2 MB.

Unloading 20 unused Assets to reduce memory usage. Loaded Objects now: 2422.
Total: 5.344700 ms (FindLiveObjects: 0.549100 ms CreateObjectMapping: 0.132700 ms MarkObjects: 4.622000 ms  DeleteObjects: 0.038300 ms)

AssetImportParameters requested are different than current active one (requested -> active):
  custom:graphics/normal-map-encoding: 01000000000000000000000000000000 -> 02000000000000000000000000000000
========================================================================
Received Prepare
Registering precompiled user dll's ...
Registered in 0.002441 seconds.
Begin MonoManager ReloadAssembly
Native extension for WindowsStandalone target not found
Refreshing native plugins compatible for Editor in 0.87 ms, found 1 plugins.
Preloading 0 native plugins for Editor in 0.00 ms.
Invoked RoslynAnalysisRunner static constructor.
RoslynAnalysisRunner will not be running.
RoslynAnalysisRunner has terminated.
Mono: successfully reloaded assembly
- Completed reload, in  1.801 seconds
Platform modules already initialized, skipping
Switching build target platform(5) subTarget(0) extendedPlatform(0) -> platform(13) subTarget(589824) extendedPlatform(0)
Refreshing native plugins compatible for Editor in 0.85 ms, found 1 plugins.
Preloading 0 native plugins for Editor in 0.00 ms.
Unloading 1918 Unused Serialized files (Serialized files now loaded: 0)
System memory in use before: 91.1 MB.
System memory in use after: 91.2 MB.

Unloading 20 unused Assets to reduce memory usage. Loaded Objects now: 2426.
Total: 3.607100 ms (FindLiveObjects: 0.530900 ms CreateObjectMapping: 0.121500 ms MarkObjects: 2.926100 ms  DeleteObjects: 0.027200 ms)

AssetImportParameters requested are different than current active one (requested -> active):
  custom:graphics/normal-map-encoding: 01000000000000000000000000000000 -> 02000000000000000000000000000000
========================================================================
Received Import Request.
  Time since last request: 603.616992 seconds.
  path: Assets/Animation/Power Up Animation.anim
  artifactKey: Guid(114d9cd5f3f1a1a41ac0b6ea57ca7cd8) Importer(815301076,1909f56bfc062723c751e8b465ee728b)
Start importing Assets/Animation/Power Up Animation.anim using Guid(114d9cd5f3f1a1a41ac0b6ea57ca7cd8) Importer(815301076,1909f56bfc062723c751e8b465ee728b)  -> (artifact id: 'e31ab40a5a0d9e20c247b7cd2ad406cd') in 0.039595 seconds
  Import took 0.047044 seconds .

========================================================================
Received Import Request.
  Time since last request: 0.079162 seconds.
  path: Assets/Animation/Bonuses
  artifactKey: Guid(010f7d97a9ad0884c973a135d003b056) Importer(815301076,1909f56bfc062723c751e8b465ee728b)
Start importing Assets/Animation/Bonuses using Guid(010f7d97a9ad0884c973a135d003b056) Importer(815301076,1909f56bfc062723c751e8b465ee728b)  -> (artifact id: '0a6afbc3f422de78f0832f69a2d5d97b') in 0.016397 seconds
  Import took 0.022687 seconds .

========================================================================
Received Import Request.
  Time since last request: 16.414076 seconds.
  path: Assets/Animation/Power Up Ring.controller
  artifactKey: Guid(786042d22ff31da41b99a265c2f12ffd) Importer(815301076,1909f56bfc062723c751e8b465ee728b)
Start importing Assets/Animation/Power Up Ring.controller using Guid(786042d22ff31da41b99a265c2f12ffd) Importer(815301076,1909f56bfc062723c751e8b465ee728b)  -> (artifact id: '2d36a23c181fa0d1f51dcebd07ac9249') in 0.021075 seconds
  Import took 0.026376 seconds .

========================================================================
Received Import Request.
  Time since last request: 48.445270 seconds.
  path: Assets/Scripts/LevelController.cs
  artifactKey: Guid(7c9bf8a9458cbcc4780624e9670a91f2) Importer(815301076,1909f56bfc062723c751e8b465ee728b)
Start importing Assets/Scripts/LevelController.cs using Guid(7c9bf8a9458cbcc4780624e9670a91f2) Importer(815301076,1909f56bfc062723c751e8b465ee728b)  -> (artifact id: '61d79ccc6e945e37f2be60178aa9e9e1') in 0.016818 seconds
  Import took 0.022667 seconds .

========================================================================
Received Prepare
Registering precompiled user dll's ...
Registered in 0.002213 seconds.
Begin MonoManager ReloadAssembly
Native extension for WindowsStandalone target not found
Refreshing native plugins compatible for Editor in 0.88 ms, found 1 plugins.
Preloading 0 native plugins for Editor in 0.00 ms.
Invoked RoslynAnalysisRunner static constructor.
RoslynAnalysisRunner will not be running.
RoslynAnalysisRunner has terminated.
Mono: successfully reloaded assembly
- Completed reload, in  1.833 seconds
Platform modules already initialized, skipping
Switching build target platform(5) subTarget(0) extendedPlatform(0) -> platform(13) subTarget(589824) extendedPlatform(0)
Refreshing native plugins compatible for Editor in 0.93 ms, found 1 plugins.
Preloading 0 native plugins for Editor in 0.00 ms.
Unloading 1918 Unused Serialized files (Serialized files now loaded: 0)
System memory in use before: 91.1 MB.
System memory in use after: 91.3 MB.

Unloading 20 unused Assets to reduce memory usage. Loaded Objects now: 2430.
Total: 3.594400 ms (FindLiveObjects: 0.443600 ms CreateObjectMapping: 0.123200 ms MarkObjects: 2.997500 ms  DeleteObjects: 0.028300 ms)

AssetImportParameters requested are different than current active one (requested -> active):
  custom:graphics/normal-map-encoding: 01000000000000000000000000000000 -> 02000000000000000000000000000000
========================================================================
Received Prepare
Registering precompiled user dll's ...
Registered in 0.002457 seconds.
Begin MonoManager ReloadAssembly
Native extension for WindowsStandalone target not found
Refreshing native plugins compatible for Editor in 1.13 ms, found 1 plugins.
Preloading 0 native plugins for Editor in 0.00 ms.
Invoked RoslynAnalysisRunner static constructor.
RoslynAnalysisRunner will not be running.
RoslynAnalysisRunner has terminated.
Mono: successfully reloaded assembly
- Completed reload, in  2.027 seconds
Platform modules already initialized, skipping
Switching build target platform(5) subTarget(0) extendedPlatform(0) -> platform(13) subTarget(589824) extendedPlatform(0)
Refreshing native plugins compatible for Editor in 1.00 ms, found 1 plugins.
Preloading 0 native plugins for Editor in 0.00 ms.
Unloading 1918 Unused Serialized files (Serialized files now loaded: 0)
System memory in use before: 91.1 MB.
System memory in use after: 91.3 MB.

Unloading 20 unused Assets to reduce memory usage. Loaded Objects now: 2434.
Total: 3.733600 ms (FindLiveObjects: 0.468700 ms CreateObjectMapping: 0.151900 ms MarkObjects: 3.081100 ms  DeleteObjects: 0.030300 ms)

AssetImportParameters requested are different than current active one (requested -> active):
  custom:graphics/normal-map-encoding: 01000000000000000000000000000000 -> 02000000000000000000000000000000
========================================================================
Received Prepare
Refreshing native plugins compatible for Editor in 11.11 ms, found 1 plugins.
Preloading 0 native plugins for Editor in 0.00 ms.
Unloading 18 Unused Serialized files (Serialized files now loaded: 0)
System memory in use before: 53.7 MB.
System memory in use after: 53.8 MB.

Unloading 18 unused Assets to reduce memory usage. Loaded Objects now: 2434.
Total: 25.544900 ms (FindLiveObjects: 0.612800 ms CreateObjectMapping: 0.122600 ms MarkObjects: 24.769900 ms  DeleteObjects: 0.037600 ms)

AssetImportWorkerClient::OnTransportError - code=2 error=End of file
